<?xml version="1.0" encoding="UTF-8"?>
<!-- Generated by org.testng.reporters.JUnitReportReporter -->
<testsuite hostname="DESKTOP-U268BVV" failures="0" tests="3" name="LoginPage" time="0.115" errors="0" timestamp="14 Dec 2021 01:39:19 GMT" skipped="0">
  <testcase classname="LoginPage" name="Test2" time="0.099"/>
  <testcase classname="LoginPage" name="test4" time="0.014"/>
  <testcase classname="LoginPage" name="get" time="0.002"/>
</testsuite> <!-- LoginPage -->
